

============================== 2022-11-22 19:36:11.287415 | 52f4d901-9b97-407f-85b8-2e773af6b7e8 ==============================
[0m19:36:11.287421 [info ] [MainThread]: Running with dbt=1.2.0
[0m19:36:11.287615 [debug] [MainThread]: running dbt with arguments {'write_json': True, 'use_colors': True, 'printer_width': 80, 'version_check': True, 'partial_parse': True, 'static_parser': True, 'profiles_dir': '/Users/benfossen/.dbt', 'send_anonymous_usage_stats': True, 'event_buffer_size': 100000, 'quiet': False, 'no_print': False, 'config_dir': False, 'which': 'debug', 'indirect_selection': 'eager'}
[0m19:36:11.287683 [debug] [MainThread]: Tracking: tracking
[0m19:36:11.299775 [debug] [MainThread]: Sending event: {'category': 'dbt', 'action': 'invocation', 'label': 'start', 'context': [<snowplow_tracker.self_describing_json.SelfDescribingJson object at 0x10537b040>, <snowplow_tracker.self_describing_json.SelfDescribingJson object at 0x105377f70>, <snowplow_tracker.self_describing_json.SelfDescribingJson object at 0x105377fa0>]}
[0m19:36:11.304928 [debug] [MainThread]: Executing "git --help"
[0m19:36:11.326705 [debug] [MainThread]: STDOUT: "b"usage: git [--version] [--help] [-C <path>] [-c <name>=<value>]\n           [--exec-path[=<path>]] [--html-path] [--man-path] [--info-path]\n           [-p | --paginate | -P | --no-pager] [--no-replace-objects] [--bare]\n           [--git-dir=<path>] [--work-tree=<path>] [--namespace=<name>]\n           [--super-prefix=<path>] [--config-env=<name>=<envvar>]\n           <command> [<args>]\n\nThese are common Git commands used in various situations:\n\nstart a working area (see also: git help tutorial)\n   clone             Clone a repository into a new directory\n   init              Create an empty Git repository or reinitialize an existing one\n\nwork on the current change (see also: git help everyday)\n   add               Add file contents to the index\n   mv                Move or rename a file, a directory, or a symlink\n   restore           Restore working tree files\n   rm                Remove files from the working tree and from the index\n   sparse-checkout   Initialize and modify the sparse-checkout\n\nexamine the history and state (see also: git help revisions)\n   bisect            Use binary search to find the commit that introduced a bug\n   diff              Show changes between commits, commit and working tree, etc\n   grep              Print lines matching a pattern\n   log               Show commit logs\n   show              Show various types of objects\n   status            Show the working tree status\n\ngrow, mark and tweak your common history\n   branch            List, create, or delete branches\n   commit            Record changes to the repository\n   merge             Join two or more development histories together\n   rebase            Reapply commits on top of another base tip\n   reset             Reset current HEAD to the specified state\n   switch            Switch branches\n   tag               Create, list, delete or verify a tag object signed with GPG\n\ncollaborate (see also: git help workflows)\n   fetch             Download objects and refs from another repository\n   pull              Fetch from and integrate with another repository or a local branch\n   push              Update remote refs along with associated objects\n\n'git help -a' and 'git help -g' list available subcommands and some\nconcept guides. See 'git help <command>' or 'git help <concept>'\nto read about a specific subcommand or concept.\nSee 'git help git' for an overview of the system.\n""
[0m19:36:11.327150 [debug] [MainThread]: STDERR: "b''"
[0m19:36:11.327748 [debug] [MainThread]: Sending event: {'category': 'dbt', 'action': 'invocation', 'label': 'end', 'context': [<snowplow_tracker.self_describing_json.SelfDescribingJson object at 0x10536aee0>, <snowplow_tracker.self_describing_json.SelfDescribingJson object at 0x10536ad30>, <snowplow_tracker.self_describing_json.SelfDescribingJson object at 0x10536ac70>]}


============================== 2022-11-22 21:21:31.167803 | 7e33ad73-e604-4814-8095-e386ae7a14e5 ==============================
[0m21:21:31.167809 [info ] [MainThread]: Running with dbt=1.2.0
[0m21:21:31.168315 [debug] [MainThread]: running dbt with arguments {'write_json': True, 'use_colors': True, 'printer_width': 80, 'version_check': True, 'partial_parse': True, 'static_parser': True, 'profiles_dir': '/Users/benfossen/.dbt', 'send_anonymous_usage_stats': True, 'event_buffer_size': 100000, 'quiet': False, 'no_print': False, 'config_dir': True, 'which': 'debug', 'indirect_selection': 'eager'}
[0m21:21:31.168385 [debug] [MainThread]: Tracking: tracking
[0m21:21:31.179798 [debug] [MainThread]: Sending event: {'category': 'dbt', 'action': 'invocation', 'label': 'start', 'context': [<snowplow_tracker.self_describing_json.SelfDescribingJson object at 0x1101bb070>, <snowplow_tracker.self_describing_json.SelfDescribingJson object at 0x1101b7f70>, <snowplow_tracker.self_describing_json.SelfDescribingJson object at 0x1101b7fa0>]}
[0m21:21:31.180422 [info ] [MainThread]: To view your profiles.yml file, run:

open /Users/benfossen/.dbt
[0m21:21:31.180624 [debug] [MainThread]: Sending event: {'category': 'dbt', 'action': 'invocation', 'label': 'end', 'context': [<snowplow_tracker.self_describing_json.SelfDescribingJson object at 0x1101b7f70>, <snowplow_tracker.self_describing_json.SelfDescribingJson object at 0x1101b7fa0>, <snowplow_tracker.self_describing_json.SelfDescribingJson object at 0x1101b7a60>]}


============================== 2022-11-22 22:11:51.860341 | 8db9f048-0fdb-4ee7-ab75-edda4bd83d59 ==============================
[0m22:11:51.860347 [info ] [MainThread]: Running with dbt=1.2.0
[0m22:11:51.861278 [debug] [MainThread]: running dbt with arguments {'write_json': True, 'use_colors': True, 'printer_width': 80, 'version_check': True, 'partial_parse': True, 'static_parser': True, 'profiles_dir': '/Users/benfossen/.dbt', 'send_anonymous_usage_stats': True, 'event_buffer_size': 100000, 'quiet': False, 'no_print': False, 'project_name': 'dbt-postgres', 'skip_profile_setup': False, 'which': 'init', 'indirect_selection': 'eager'}
[0m22:11:51.861361 [debug] [MainThread]: Tracking: tracking
[0m22:11:51.874405 [debug] [MainThread]: Sending event: {'category': 'dbt', 'action': 'invocation', 'label': 'start', 'context': [<snowplow_tracker.self_describing_json.SelfDescribingJson object at 0x1047f7070>, <snowplow_tracker.self_describing_json.SelfDescribingJson object at 0x1047f3f40>, <snowplow_tracker.self_describing_json.SelfDescribingJson object at 0x1047f3f70>]}
[0m22:11:51.875185 [info ] [MainThread]: Setting up your profile.
[0m22:13:02.662315 [debug] [MainThread]: Sending event: {'category': 'dbt', 'action': 'invocation', 'label': 'end', 'context': [<snowplow_tracker.self_describing_json.SelfDescribingJson object at 0x1047e6e50>, <snowplow_tracker.self_describing_json.SelfDescribingJson object at 0x1047e6dc0>, <snowplow_tracker.self_describing_json.SelfDescribingJson object at 0x1047e6f40>]}


============================== 2022-11-22 22:55:04.313039 | 2b8dede0-3963-4d27-a17a-03fef013caa5 ==============================
[0m22:55:04.313046 [info ] [MainThread]: Running with dbt=1.2.0
[0m22:55:04.313524 [debug] [MainThread]: running dbt with arguments {'write_json': True, 'use_colors': True, 'printer_width': 80, 'version_check': True, 'partial_parse': True, 'static_parser': True, 'profiles_dir': '/Users/benfossen/.dbt', 'send_anonymous_usage_stats': True, 'event_buffer_size': 100000, 'quiet': False, 'no_print': False, 'config_dir': True, 'which': 'debug', 'indirect_selection': 'eager'}
[0m22:55:04.313597 [debug] [MainThread]: Tracking: tracking
[0m22:55:04.331158 [debug] [MainThread]: Sending event: {'category': 'dbt', 'action': 'invocation', 'label': 'start', 'context': [<snowplow_tracker.self_describing_json.SelfDescribingJson object at 0x106582f40>, <snowplow_tracker.self_describing_json.SelfDescribingJson object at 0x106582df0>, <snowplow_tracker.self_describing_json.SelfDescribingJson object at 0x106582c40>]}
[0m22:55:04.331787 [info ] [MainThread]: To view your profiles.yml file, run:

open /Users/benfossen/.dbt
[0m22:55:04.332009 [debug] [MainThread]: Sending event: {'category': 'dbt', 'action': 'invocation', 'label': 'end', 'context': [<snowplow_tracker.self_describing_json.SelfDescribingJson object at 0x106582df0>, <snowplow_tracker.self_describing_json.SelfDescribingJson object at 0x106582c40>, <snowplow_tracker.self_describing_json.SelfDescribingJson object at 0x106582280>]}


============================== 2022-11-22 23:04:48.621179 | dbe7b5db-0499-48b1-b9ad-8bede7fe9af7 ==============================
[0m23:04:48.621187 [info ] [MainThread]: Running with dbt=1.2.0
[0m23:04:48.621918 [debug] [MainThread]: running dbt with arguments {'write_json': True, 'use_colors': True, 'printer_width': 80, 'version_check': True, 'partial_parse': True, 'static_parser': True, 'profiles_dir': '/Users/benfossen/.dbt', 'send_anonymous_usage_stats': True, 'event_buffer_size': 100000, 'quiet': False, 'no_print': False, 'config_dir': False, 'which': 'debug', 'indirect_selection': 'eager'}
[0m23:04:48.621994 [debug] [MainThread]: Tracking: tracking
[0m23:04:48.631416 [debug] [MainThread]: Sending event: {'category': 'dbt', 'action': 'invocation', 'label': 'start', 'context': [<snowplow_tracker.self_describing_json.SelfDescribingJson object at 0x10814bbe0>, <snowplow_tracker.self_describing_json.SelfDescribingJson object at 0x10814b700>, <snowplow_tracker.self_describing_json.SelfDescribingJson object at 0x10814b6d0>]}
[0m23:04:48.639018 [info ] [MainThread]: Error importing adapter: No module named 'dbt.adapters.postgres'
[0m23:04:48.640431 [debug] [MainThread]: Executing "git --help"
[0m23:04:48.659506 [debug] [MainThread]: STDOUT: "b"usage: git [--version] [--help] [-C <path>] [-c <name>=<value>]\n           [--exec-path[=<path>]] [--html-path] [--man-path] [--info-path]\n           [-p | --paginate | -P | --no-pager] [--no-replace-objects] [--bare]\n           [--git-dir=<path>] [--work-tree=<path>] [--namespace=<name>]\n           [--super-prefix=<path>] [--config-env=<name>=<envvar>]\n           <command> [<args>]\n\nThese are common Git commands used in various situations:\n\nstart a working area (see also: git help tutorial)\n   clone             Clone a repository into a new directory\n   init              Create an empty Git repository or reinitialize an existing one\n\nwork on the current change (see also: git help everyday)\n   add               Add file contents to the index\n   mv                Move or rename a file, a directory, or a symlink\n   restore           Restore working tree files\n   rm                Remove files from the working tree and from the index\n   sparse-checkout   Initialize and modify the sparse-checkout\n\nexamine the history and state (see also: git help revisions)\n   bisect            Use binary search to find the commit that introduced a bug\n   diff              Show changes between commits, commit and working tree, etc\n   grep              Print lines matching a pattern\n   log               Show commit logs\n   show              Show various types of objects\n   status            Show the working tree status\n\ngrow, mark and tweak your common history\n   branch            List, create, or delete branches\n   commit            Record changes to the repository\n   merge             Join two or more development histories together\n   rebase            Reapply commits on top of another base tip\n   reset             Reset current HEAD to the specified state\n   switch            Switch branches\n   tag               Create, list, delete or verify a tag object signed with GPG\n\ncollaborate (see also: git help workflows)\n   fetch             Download objects and refs from another repository\n   pull              Fetch from and integrate with another repository or a local branch\n   push              Update remote refs along with associated objects\n\n'git help -a' and 'git help -g' list available subcommands and some\nconcept guides. See 'git help <command>' or 'git help <concept>'\nto read about a specific subcommand or concept.\nSee 'git help git' for an overview of the system.\n""
[0m23:04:48.659883 [debug] [MainThread]: STDERR: "b''"
[0m23:04:48.660269 [debug] [MainThread]: Sending event: {'category': 'dbt', 'action': 'invocation', 'label': 'end', 'context': [<snowplow_tracker.self_describing_json.SelfDescribingJson object at 0x10813acd0>, <snowplow_tracker.self_describing_json.SelfDescribingJson object at 0x10813adc0>, <snowplow_tracker.self_describing_json.SelfDescribingJson object at 0x10813a220>]}


============================== 2022-11-22 23:08:33.778940 | 02ebed43-e355-404a-bade-0a42f5690b62 ==============================
[0m23:08:33.778946 [info ] [MainThread]: Running with dbt=1.2.0
[0m23:08:33.779473 [debug] [MainThread]: running dbt with arguments {'write_json': True, 'use_colors': True, 'printer_width': 80, 'version_check': True, 'partial_parse': True, 'static_parser': True, 'profiles_dir': '/Users/benfossen/.dbt', 'send_anonymous_usage_stats': True, 'event_buffer_size': 100000, 'quiet': False, 'no_print': False, 'config_dir': False, 'which': 'debug', 'indirect_selection': 'eager'}
[0m23:08:33.779542 [debug] [MainThread]: Tracking: tracking
[0m23:08:33.789250 [debug] [MainThread]: Sending event: {'category': 'dbt', 'action': 'invocation', 'label': 'start', 'context': [<snowplow_tracker.self_describing_json.SelfDescribingJson object at 0x104797970>, <snowplow_tracker.self_describing_json.SelfDescribingJson object at 0x104797430>, <snowplow_tracker.self_describing_json.SelfDescribingJson object at 0x104797460>]}
[0m23:08:33.798356 [warn ] [MainThread]: [[33mWARNING[0m]: Deprecated functionality
The `source-paths` config has been renamed to `model-paths`. Please update your
`dbt_project.yml` configuration to reflect this change.
[0m23:08:33.798512 [debug] [MainThread]: Sending event: {'category': 'dbt', 'action': 'deprecation', 'label': '02ebed43-e355-404a-bade-0a42f5690b62', 'property_': 'warn', 'context': [<snowplow_tracker.self_describing_json.SelfDescribingJson object at 0x104797820>]}
[0m23:08:33.798643 [warn ] [MainThread]: [[33mWARNING[0m]: Deprecated functionality
The `data-paths` config has been renamed to `seed-paths`. Please update your
`dbt_project.yml` configuration to reflect this change.
[0m23:08:33.798750 [debug] [MainThread]: Sending event: {'category': 'dbt', 'action': 'deprecation', 'label': '02ebed43-e355-404a-bade-0a42f5690b62', 'property_': 'warn', 'context': [<snowplow_tracker.self_describing_json.SelfDescribingJson object at 0x1047971f0>]}
[0m23:08:33.805429 [debug] [MainThread]: Executing "git --help"
[0m23:08:33.813634 [debug] [MainThread]: STDOUT: "b"usage: git [--version] [--help] [-C <path>] [-c <name>=<value>]\n           [--exec-path[=<path>]] [--html-path] [--man-path] [--info-path]\n           [-p | --paginate | -P | --no-pager] [--no-replace-objects] [--bare]\n           [--git-dir=<path>] [--work-tree=<path>] [--namespace=<name>]\n           [--super-prefix=<path>] [--config-env=<name>=<envvar>]\n           <command> [<args>]\n\nThese are common Git commands used in various situations:\n\nstart a working area (see also: git help tutorial)\n   clone             Clone a repository into a new directory\n   init              Create an empty Git repository or reinitialize an existing one\n\nwork on the current change (see also: git help everyday)\n   add               Add file contents to the index\n   mv                Move or rename a file, a directory, or a symlink\n   restore           Restore working tree files\n   rm                Remove files from the working tree and from the index\n   sparse-checkout   Initialize and modify the sparse-checkout\n\nexamine the history and state (see also: git help revisions)\n   bisect            Use binary search to find the commit that introduced a bug\n   diff              Show changes between commits, commit and working tree, etc\n   grep              Print lines matching a pattern\n   log               Show commit logs\n   show              Show various types of objects\n   status            Show the working tree status\n\ngrow, mark and tweak your common history\n   branch            List, create, or delete branches\n   commit            Record changes to the repository\n   merge             Join two or more development histories together\n   rebase            Reapply commits on top of another base tip\n   reset             Reset current HEAD to the specified state\n   switch            Switch branches\n   tag               Create, list, delete or verify a tag object signed with GPG\n\ncollaborate (see also: git help workflows)\n   fetch             Download objects and refs from another repository\n   pull              Fetch from and integrate with another repository or a local branch\n   push              Update remote refs along with associated objects\n\n'git help -a' and 'git help -g' list available subcommands and some\nconcept guides. See 'git help <command>' or 'git help <concept>'\nto read about a specific subcommand or concept.\nSee 'git help git' for an overview of the system.\n""
[0m23:08:33.813991 [debug] [MainThread]: STDERR: "b''"
[0m23:08:33.814282 [debug] [MainThread]: Sending event: {'category': 'dbt', 'action': 'invocation', 'label': 'end', 'context': [<snowplow_tracker.self_describing_json.SelfDescribingJson object at 0x1047973d0>, <snowplow_tracker.self_describing_json.SelfDescribingJson object at 0x10476ffd0>, <snowplow_tracker.self_describing_json.SelfDescribingJson object at 0x10476faf0>]}


============================== 2022-11-22 23:13:57.118405 | e84b2e28-c4f6-4f06-9286-bac2fafc3afd ==============================
[0m23:13:57.118413 [info ] [MainThread]: Running with dbt=1.2.0
[0m23:13:57.119005 [debug] [MainThread]: running dbt with arguments {'write_json': True, 'use_colors': True, 'printer_width': 80, 'version_check': True, 'partial_parse': True, 'static_parser': True, 'profiles_dir': '/Users/benfossen/.dbt', 'send_anonymous_usage_stats': True, 'event_buffer_size': 100000, 'quiet': False, 'no_print': False, 'config_dir': False, 'which': 'debug', 'indirect_selection': 'eager'}
[0m23:13:57.119121 [debug] [MainThread]: Tracking: tracking
[0m23:13:57.130361 [debug] [MainThread]: Sending event: {'category': 'dbt', 'action': 'invocation', 'label': 'start', 'context': [<snowplow_tracker.self_describing_json.SelfDescribingJson object at 0x1087fbaf0>, <snowplow_tracker.self_describing_json.SelfDescribingJson object at 0x1087fb6d0>, <snowplow_tracker.self_describing_json.SelfDescribingJson object at 0x1087fb700>]}
[0m23:13:57.138385 [info ] [MainThread]: Error importing adapter: No module named 'dbt.adapters.postgres'
[0m23:13:57.142746 [warn ] [MainThread]: [[33mWARNING[0m]: Deprecated functionality
The `source-paths` config has been renamed to `model-paths`. Please update your
`dbt_project.yml` configuration to reflect this change.
[0m23:13:57.142994 [debug] [MainThread]: Sending event: {'category': 'dbt', 'action': 'deprecation', 'label': 'e84b2e28-c4f6-4f06-9286-bac2fafc3afd', 'property_': 'warn', 'context': [<snowplow_tracker.self_describing_json.SelfDescribingJson object at 0x1087ced60>]}
[0m23:13:57.143145 [warn ] [MainThread]: [[33mWARNING[0m]: Deprecated functionality
The `data-paths` config has been renamed to `seed-paths`. Please update your
`dbt_project.yml` configuration to reflect this change.
[0m23:13:57.143269 [debug] [MainThread]: Sending event: {'category': 'dbt', 'action': 'deprecation', 'label': 'e84b2e28-c4f6-4f06-9286-bac2fafc3afd', 'property_': 'warn', 'context': [<snowplow_tracker.self_describing_json.SelfDescribingJson object at 0x1087ce760>]}
[0m23:13:57.150836 [debug] [MainThread]: Executing "git --help"
[0m23:13:57.161159 [debug] [MainThread]: STDOUT: "b"usage: git [--version] [--help] [-C <path>] [-c <name>=<value>]\n           [--exec-path[=<path>]] [--html-path] [--man-path] [--info-path]\n           [-p | --paginate | -P | --no-pager] [--no-replace-objects] [--bare]\n           [--git-dir=<path>] [--work-tree=<path>] [--namespace=<name>]\n           [--super-prefix=<path>] [--config-env=<name>=<envvar>]\n           <command> [<args>]\n\nThese are common Git commands used in various situations:\n\nstart a working area (see also: git help tutorial)\n   clone             Clone a repository into a new directory\n   init              Create an empty Git repository or reinitialize an existing one\n\nwork on the current change (see also: git help everyday)\n   add               Add file contents to the index\n   mv                Move or rename a file, a directory, or a symlink\n   restore           Restore working tree files\n   rm                Remove files from the working tree and from the index\n   sparse-checkout   Initialize and modify the sparse-checkout\n\nexamine the history and state (see also: git help revisions)\n   bisect            Use binary search to find the commit that introduced a bug\n   diff              Show changes between commits, commit and working tree, etc\n   grep              Print lines matching a pattern\n   log               Show commit logs\n   show              Show various types of objects\n   status            Show the working tree status\n\ngrow, mark and tweak your common history\n   branch            List, create, or delete branches\n   commit            Record changes to the repository\n   merge             Join two or more development histories together\n   rebase            Reapply commits on top of another base tip\n   reset             Reset current HEAD to the specified state\n   switch            Switch branches\n   tag               Create, list, delete or verify a tag object signed with GPG\n\ncollaborate (see also: git help workflows)\n   fetch             Download objects and refs from another repository\n   pull              Fetch from and integrate with another repository or a local branch\n   push              Update remote refs along with associated objects\n\n'git help -a' and 'git help -g' list available subcommands and some\nconcept guides. See 'git help <command>' or 'git help <concept>'\nto read about a specific subcommand or concept.\nSee 'git help git' for an overview of the system.\n""
[0m23:13:57.161764 [debug] [MainThread]: STDERR: "b''"
[0m23:13:57.162261 [debug] [MainThread]: Sending event: {'category': 'dbt', 'action': 'invocation', 'label': 'end', 'context': [<snowplow_tracker.self_describing_json.SelfDescribingJson object at 0x1087b4fa0>, <snowplow_tracker.self_describing_json.SelfDescribingJson object at 0x10884b1c0>, <snowplow_tracker.self_describing_json.SelfDescribingJson object at 0x10884b340>]}


============================== 2022-11-22 23:14:32.217900 | bb9aeeea-13a2-4232-856e-0cd3c62a21cb ==============================
[0m23:14:32.217907 [info ] [MainThread]: Running with dbt=1.2.0
[0m23:14:32.218278 [debug] [MainThread]: running dbt with arguments {'write_json': True, 'use_colors': True, 'printer_width': 80, 'version_check': True, 'partial_parse': True, 'static_parser': True, 'profiles_dir': '/Users/benfossen/.dbt', 'send_anonymous_usage_stats': True, 'event_buffer_size': 100000, 'quiet': False, 'no_print': False, 'config_dir': False, 'which': 'debug', 'indirect_selection': 'eager'}
[0m23:14:32.218354 [debug] [MainThread]: Tracking: tracking
[0m23:14:32.227839 [debug] [MainThread]: Sending event: {'category': 'dbt', 'action': 'invocation', 'label': 'start', 'context': [<snowplow_tracker.self_describing_json.SelfDescribingJson object at 0x104bf79d0>, <snowplow_tracker.self_describing_json.SelfDescribingJson object at 0x104bf7490>, <snowplow_tracker.self_describing_json.SelfDescribingJson object at 0x104bf74c0>]}
[0m23:14:32.235331 [info ] [MainThread]: Error importing adapter: No module named 'dbt.adapters.postgres'
[0m23:14:32.238806 [warn ] [MainThread]: [[33mWARNING[0m]: Deprecated functionality
The `source-paths` config has been renamed to `model-paths`. Please update your
`dbt_project.yml` configuration to reflect this change.
[0m23:14:32.238954 [debug] [MainThread]: Sending event: {'category': 'dbt', 'action': 'deprecation', 'label': 'bb9aeeea-13a2-4232-856e-0cd3c62a21cb', 'property_': 'warn', 'context': [<snowplow_tracker.self_describing_json.SelfDescribingJson object at 0x104bfb460>]}
[0m23:14:32.239095 [warn ] [MainThread]: [[33mWARNING[0m]: Deprecated functionality
The `data-paths` config has been renamed to `seed-paths`. Please update your
`dbt_project.yml` configuration to reflect this change.
[0m23:14:32.239226 [debug] [MainThread]: Sending event: {'category': 'dbt', 'action': 'deprecation', 'label': 'bb9aeeea-13a2-4232-856e-0cd3c62a21cb', 'property_': 'warn', 'context': [<snowplow_tracker.self_describing_json.SelfDescribingJson object at 0x104bfb400>]}
[0m23:14:32.245987 [debug] [MainThread]: Executing "git --help"
[0m23:14:32.260608 [debug] [MainThread]: STDOUT: "b"usage: git [--version] [--help] [-C <path>] [-c <name>=<value>]\n           [--exec-path[=<path>]] [--html-path] [--man-path] [--info-path]\n           [-p | --paginate | -P | --no-pager] [--no-replace-objects] [--bare]\n           [--git-dir=<path>] [--work-tree=<path>] [--namespace=<name>]\n           [--super-prefix=<path>] [--config-env=<name>=<envvar>]\n           <command> [<args>]\n\nThese are common Git commands used in various situations:\n\nstart a working area (see also: git help tutorial)\n   clone             Clone a repository into a new directory\n   init              Create an empty Git repository or reinitialize an existing one\n\nwork on the current change (see also: git help everyday)\n   add               Add file contents to the index\n   mv                Move or rename a file, a directory, or a symlink\n   restore           Restore working tree files\n   rm                Remove files from the working tree and from the index\n   sparse-checkout   Initialize and modify the sparse-checkout\n\nexamine the history and state (see also: git help revisions)\n   bisect            Use binary search to find the commit that introduced a bug\n   diff              Show changes between commits, commit and working tree, etc\n   grep              Print lines matching a pattern\n   log               Show commit logs\n   show              Show various types of objects\n   status            Show the working tree status\n\ngrow, mark and tweak your common history\n   branch            List, create, or delete branches\n   commit            Record changes to the repository\n   merge             Join two or more development histories together\n   rebase            Reapply commits on top of another base tip\n   reset             Reset current HEAD to the specified state\n   switch            Switch branches\n   tag               Create, list, delete or verify a tag object signed with GPG\n\ncollaborate (see also: git help workflows)\n   fetch             Download objects and refs from another repository\n   pull              Fetch from and integrate with another repository or a local branch\n   push              Update remote refs along with associated objects\n\n'git help -a' and 'git help -g' list available subcommands and some\nconcept guides. See 'git help <command>' or 'git help <concept>'\nto read about a specific subcommand or concept.\nSee 'git help git' for an overview of the system.\n""
[0m23:14:32.261024 [debug] [MainThread]: STDERR: "b''"
[0m23:14:32.261404 [debug] [MainThread]: Sending event: {'category': 'dbt', 'action': 'invocation', 'label': 'end', 'context': [<snowplow_tracker.self_describing_json.SelfDescribingJson object at 0x100ed4340>, <snowplow_tracker.self_describing_json.SelfDescribingJson object at 0x104c4c160>, <snowplow_tracker.self_describing_json.SelfDescribingJson object at 0x104c4c250>]}


============================== 2022-11-22 23:19:19.668092 | fb3266c9-cea4-4407-acd3-54cd6753b407 ==============================
[0m23:19:19.668098 [info ] [MainThread]: Running with dbt=1.2.0
[0m23:19:19.668448 [debug] [MainThread]: running dbt with arguments {'write_json': True, 'use_colors': True, 'printer_width': 80, 'version_check': True, 'partial_parse': True, 'static_parser': True, 'profiles_dir': '/Users/benfossen/.dbt', 'send_anonymous_usage_stats': True, 'event_buffer_size': 100000, 'quiet': False, 'no_print': False, 'config_dir': False, 'which': 'debug', 'indirect_selection': 'eager'}
[0m23:19:19.668518 [debug] [MainThread]: Tracking: tracking
[0m23:19:19.682159 [debug] [MainThread]: Sending event: {'category': 'dbt', 'action': 'invocation', 'label': 'start', 'context': [<snowplow_tracker.self_describing_json.SelfDescribingJson object at 0x103c3b9d0>, <snowplow_tracker.self_describing_json.SelfDescribingJson object at 0x103c3b490>, <snowplow_tracker.self_describing_json.SelfDescribingJson object at 0x103c3b4c0>]}
[0m23:19:20.318479 [warn ] [MainThread]: [[33mWARNING[0m]: Deprecated functionality
The `source-paths` config has been renamed to `model-paths`. Please update your
`dbt_project.yml` configuration to reflect this change.
[0m23:19:20.318714 [debug] [MainThread]: Sending event: {'category': 'dbt', 'action': 'deprecation', 'label': 'fb3266c9-cea4-4407-acd3-54cd6753b407', 'property_': 'warn', 'context': [<snowplow_tracker.self_describing_json.SelfDescribingJson object at 0x103f35550>]}
[0m23:19:20.318908 [warn ] [MainThread]: [[33mWARNING[0m]: Deprecated functionality
The `data-paths` config has been renamed to `seed-paths`. Please update your
`dbt_project.yml` configuration to reflect this change.
[0m23:19:20.319051 [debug] [MainThread]: Sending event: {'category': 'dbt', 'action': 'deprecation', 'label': 'fb3266c9-cea4-4407-acd3-54cd6753b407', 'property_': 'warn', 'context': [<snowplow_tracker.self_describing_json.SelfDescribingJson object at 0x103f35a30>]}
[0m23:19:20.327458 [debug] [MainThread]: Executing "git --help"
[0m23:19:20.342261 [debug] [MainThread]: STDOUT: "b"usage: git [--version] [--help] [-C <path>] [-c <name>=<value>]\n           [--exec-path[=<path>]] [--html-path] [--man-path] [--info-path]\n           [-p | --paginate | -P | --no-pager] [--no-replace-objects] [--bare]\n           [--git-dir=<path>] [--work-tree=<path>] [--namespace=<name>]\n           [--super-prefix=<path>] [--config-env=<name>=<envvar>]\n           <command> [<args>]\n\nThese are common Git commands used in various situations:\n\nstart a working area (see also: git help tutorial)\n   clone             Clone a repository into a new directory\n   init              Create an empty Git repository or reinitialize an existing one\n\nwork on the current change (see also: git help everyday)\n   add               Add file contents to the index\n   mv                Move or rename a file, a directory, or a symlink\n   restore           Restore working tree files\n   rm                Remove files from the working tree and from the index\n   sparse-checkout   Initialize and modify the sparse-checkout\n\nexamine the history and state (see also: git help revisions)\n   bisect            Use binary search to find the commit that introduced a bug\n   diff              Show changes between commits, commit and working tree, etc\n   grep              Print lines matching a pattern\n   log               Show commit logs\n   show              Show various types of objects\n   status            Show the working tree status\n\ngrow, mark and tweak your common history\n   branch            List, create, or delete branches\n   commit            Record changes to the repository\n   merge             Join two or more development histories together\n   rebase            Reapply commits on top of another base tip\n   reset             Reset current HEAD to the specified state\n   switch            Switch branches\n   tag               Create, list, delete or verify a tag object signed with GPG\n\ncollaborate (see also: git help workflows)\n   fetch             Download objects and refs from another repository\n   pull              Fetch from and integrate with another repository or a local branch\n   push              Update remote refs along with associated objects\n\n'git help -a' and 'git help -g' list available subcommands and some\nconcept guides. See 'git help <command>' or 'git help <concept>'\nto read about a specific subcommand or concept.\nSee 'git help git' for an overview of the system.\n""
[0m23:19:20.342616 [debug] [MainThread]: STDERR: "b''"
[0m23:19:20.343003 [debug] [MainThread]: Sending event: {'category': 'dbt', 'action': 'invocation', 'label': 'end', 'context': [<snowplow_tracker.self_describing_json.SelfDescribingJson object at 0x103f43d90>, <snowplow_tracker.self_describing_json.SelfDescribingJson object at 0x104040700>, <snowplow_tracker.self_describing_json.SelfDescribingJson object at 0x1040407f0>]}


============================== 2022-11-22 23:21:26.217818 | c085074e-abb0-45a0-9335-da024a816b21 ==============================
[0m23:21:26.217823 [info ] [MainThread]: Running with dbt=1.2.0
[0m23:21:26.218471 [debug] [MainThread]: running dbt with arguments {'write_json': True, 'use_colors': True, 'printer_width': 80, 'version_check': True, 'partial_parse': True, 'static_parser': True, 'profiles_dir': '/Users/benfossen/.dbt', 'send_anonymous_usage_stats': True, 'event_buffer_size': 100000, 'quiet': False, 'no_print': False, 'config_dir': False, 'which': 'debug', 'indirect_selection': 'eager'}
[0m23:21:26.218541 [debug] [MainThread]: Tracking: tracking
[0m23:21:26.228222 [debug] [MainThread]: Sending event: {'category': 'dbt', 'action': 'invocation', 'label': 'start', 'context': [<snowplow_tracker.self_describing_json.SelfDescribingJson object at 0x1084db970>, <snowplow_tracker.self_describing_json.SelfDescribingJson object at 0x1084db430>, <snowplow_tracker.self_describing_json.SelfDescribingJson object at 0x1084db460>]}
[0m23:21:26.270677 [warn ] [MainThread]: [[33mWARNING[0m]: Deprecated functionality
The `source-paths` config has been renamed to `model-paths`. Please update your
`dbt_project.yml` configuration to reflect this change.
[0m23:21:26.272746 [debug] [MainThread]: Sending event: {'category': 'dbt', 'action': 'deprecation', 'label': 'c085074e-abb0-45a0-9335-da024a816b21', 'property_': 'warn', 'context': [<snowplow_tracker.self_describing_json.SelfDescribingJson object at 0x1087d1790>]}
[0m23:21:26.272936 [warn ] [MainThread]: [[33mWARNING[0m]: Deprecated functionality
The `data-paths` config has been renamed to `seed-paths`. Please update your
`dbt_project.yml` configuration to reflect this change.
[0m23:21:26.273160 [debug] [MainThread]: Sending event: {'category': 'dbt', 'action': 'deprecation', 'label': 'c085074e-abb0-45a0-9335-da024a816b21', 'property_': 'warn', 'context': [<snowplow_tracker.self_describing_json.SelfDescribingJson object at 0x1087d1520>]}
[0m23:21:26.280922 [debug] [MainThread]: Executing "git --help"
[0m23:21:26.301654 [debug] [MainThread]: STDOUT: "b"usage: git [--version] [--help] [-C <path>] [-c <name>=<value>]\n           [--exec-path[=<path>]] [--html-path] [--man-path] [--info-path]\n           [-p | --paginate | -P | --no-pager] [--no-replace-objects] [--bare]\n           [--git-dir=<path>] [--work-tree=<path>] [--namespace=<name>]\n           [--super-prefix=<path>] [--config-env=<name>=<envvar>]\n           <command> [<args>]\n\nThese are common Git commands used in various situations:\n\nstart a working area (see also: git help tutorial)\n   clone             Clone a repository into a new directory\n   init              Create an empty Git repository or reinitialize an existing one\n\nwork on the current change (see also: git help everyday)\n   add               Add file contents to the index\n   mv                Move or rename a file, a directory, or a symlink\n   restore           Restore working tree files\n   rm                Remove files from the working tree and from the index\n   sparse-checkout   Initialize and modify the sparse-checkout\n\nexamine the history and state (see also: git help revisions)\n   bisect            Use binary search to find the commit that introduced a bug\n   diff              Show changes between commits, commit and working tree, etc\n   grep              Print lines matching a pattern\n   log               Show commit logs\n   show              Show various types of objects\n   status            Show the working tree status\n\ngrow, mark and tweak your common history\n   branch            List, create, or delete branches\n   commit            Record changes to the repository\n   merge             Join two or more development histories together\n   rebase            Reapply commits on top of another base tip\n   reset             Reset current HEAD to the specified state\n   switch            Switch branches\n   tag               Create, list, delete or verify a tag object signed with GPG\n\ncollaborate (see also: git help workflows)\n   fetch             Download objects and refs from another repository\n   pull              Fetch from and integrate with another repository or a local branch\n   push              Update remote refs along with associated objects\n\n'git help -a' and 'git help -g' list available subcommands and some\nconcept guides. See 'git help <command>' or 'git help <concept>'\nto read about a specific subcommand or concept.\nSee 'git help git' for an overview of the system.\n""
[0m23:21:26.302214 [debug] [MainThread]: STDERR: "b''"
[0m23:21:26.302595 [debug] [MainThread]: Sending event: {'category': 'dbt', 'action': 'invocation', 'label': 'end', 'context': [<snowplow_tracker.self_describing_json.SelfDescribingJson object at 0x1087e8160>, <snowplow_tracker.self_describing_json.SelfDescribingJson object at 0x1087f3fa0>, <snowplow_tracker.self_describing_json.SelfDescribingJson object at 0x1087f3d90>]}


============================== 2022-11-22 23:21:44.576735 | ba388749-2cb1-4790-85ec-c327d9befed8 ==============================
[0m23:21:44.576740 [info ] [MainThread]: Running with dbt=1.2.0
[0m23:21:44.577075 [debug] [MainThread]: running dbt with arguments {'write_json': True, 'use_colors': True, 'printer_width': 80, 'version_check': True, 'partial_parse': True, 'static_parser': True, 'profiles_dir': '/Users/benfossen/.dbt', 'send_anonymous_usage_stats': True, 'event_buffer_size': 100000, 'quiet': False, 'no_print': False, 'config_dir': False, 'which': 'debug', 'indirect_selection': 'eager'}
[0m23:21:44.577147 [debug] [MainThread]: Tracking: tracking
[0m23:21:44.585560 [debug] [MainThread]: Sending event: {'category': 'dbt', 'action': 'invocation', 'label': 'start', 'context': [<snowplow_tracker.self_describing_json.SelfDescribingJson object at 0x10856f9d0>, <snowplow_tracker.self_describing_json.SelfDescribingJson object at 0x10856f490>, <snowplow_tracker.self_describing_json.SelfDescribingJson object at 0x10856f4c0>]}
[0m23:21:44.632869 [warn ] [MainThread]: [[33mWARNING[0m]: Deprecated functionality
The `source-paths` config has been renamed to `model-paths`. Please update your
`dbt_project.yml` configuration to reflect this change.
[0m23:21:44.633068 [debug] [MainThread]: Sending event: {'category': 'dbt', 'action': 'deprecation', 'label': 'ba388749-2cb1-4790-85ec-c327d9befed8', 'property_': 'warn', 'context': [<snowplow_tracker.self_describing_json.SelfDescribingJson object at 0x10888fd00>]}
[0m23:21:44.633229 [warn ] [MainThread]: [[33mWARNING[0m]: Deprecated functionality
The `data-paths` config has been renamed to `seed-paths`. Please update your
`dbt_project.yml` configuration to reflect this change.
[0m23:21:44.633341 [debug] [MainThread]: Sending event: {'category': 'dbt', 'action': 'deprecation', 'label': 'ba388749-2cb1-4790-85ec-c327d9befed8', 'property_': 'warn', 'context': [<snowplow_tracker.self_describing_json.SelfDescribingJson object at 0x10888f2b0>]}
[0m23:21:44.639813 [debug] [MainThread]: Executing "git --help"
[0m23:21:44.649344 [debug] [MainThread]: STDOUT: "b"usage: git [--version] [--help] [-C <path>] [-c <name>=<value>]\n           [--exec-path[=<path>]] [--html-path] [--man-path] [--info-path]\n           [-p | --paginate | -P | --no-pager] [--no-replace-objects] [--bare]\n           [--git-dir=<path>] [--work-tree=<path>] [--namespace=<name>]\n           [--super-prefix=<path>] [--config-env=<name>=<envvar>]\n           <command> [<args>]\n\nThese are common Git commands used in various situations:\n\nstart a working area (see also: git help tutorial)\n   clone             Clone a repository into a new directory\n   init              Create an empty Git repository or reinitialize an existing one\n\nwork on the current change (see also: git help everyday)\n   add               Add file contents to the index\n   mv                Move or rename a file, a directory, or a symlink\n   restore           Restore working tree files\n   rm                Remove files from the working tree and from the index\n   sparse-checkout   Initialize and modify the sparse-checkout\n\nexamine the history and state (see also: git help revisions)\n   bisect            Use binary search to find the commit that introduced a bug\n   diff              Show changes between commits, commit and working tree, etc\n   grep              Print lines matching a pattern\n   log               Show commit logs\n   show              Show various types of objects\n   status            Show the working tree status\n\ngrow, mark and tweak your common history\n   branch            List, create, or delete branches\n   commit            Record changes to the repository\n   merge             Join two or more development histories together\n   rebase            Reapply commits on top of another base tip\n   reset             Reset current HEAD to the specified state\n   switch            Switch branches\n   tag               Create, list, delete or verify a tag object signed with GPG\n\ncollaborate (see also: git help workflows)\n   fetch             Download objects and refs from another repository\n   pull              Fetch from and integrate with another repository or a local branch\n   push              Update remote refs along with associated objects\n\n'git help -a' and 'git help -g' list available subcommands and some\nconcept guides. See 'git help <command>' or 'git help <concept>'\nto read about a specific subcommand or concept.\nSee 'git help git' for an overview of the system.\n""
[0m23:21:44.649675 [debug] [MainThread]: STDERR: "b''"
[0m23:21:44.669437 [debug] [MainThread]: Acquiring new postgres connection "debug"
[0m23:21:44.669837 [debug] [MainThread]: Using postgres connection "debug"
[0m23:21:44.669918 [debug] [MainThread]: On debug: select 1 as id
[0m23:21:44.669993 [debug] [MainThread]: Opening a new connection, currently in state init
[0m23:21:45.037790 [debug] [MainThread]: Postgres adapter: Got a retryable error when attempting to open a postgres connection.
1 attempts remaining. Retrying in 1 seconds.
Error:
connection to server at "os-dev-1.cn70ucbuuwc7.us-east-1.rds.amazonaws.com" (44.198.239.45), port 5432 failed: FATAL:  database "os-dev-1" does not exist

[0m23:21:46.312917 [debug] [MainThread]: Postgres adapter: Error running SQL: select 1 as id
[0m23:21:46.313961 [debug] [MainThread]: Postgres adapter: Rolling back transaction.
[0m23:21:46.314653 [debug] [MainThread]: On debug: No close available on handle
[0m23:21:46.316334 [debug] [MainThread]: Sending event: {'category': 'dbt', 'action': 'invocation', 'label': 'end', 'context': [<snowplow_tracker.self_describing_json.SelfDescribingJson object at 0x10897c670>, <snowplow_tracker.self_describing_json.SelfDescribingJson object at 0x10897c8b0>, <snowplow_tracker.self_describing_json.SelfDescribingJson object at 0x10897c970>]}
[0m23:21:46.518989 [debug] [MainThread]: Connection 'debug' was properly closed.


============================== 2022-11-22 23:26:20.784475 | 21232492-5f92-41e3-a849-871990c2493e ==============================
[0m23:26:20.784484 [info ] [MainThread]: Running with dbt=1.2.0
[0m23:26:20.785161 [debug] [MainThread]: running dbt with arguments {'write_json': True, 'use_colors': True, 'printer_width': 80, 'version_check': True, 'partial_parse': True, 'static_parser': True, 'profiles_dir': '/Users/benfossen/.dbt', 'send_anonymous_usage_stats': True, 'event_buffer_size': 100000, 'quiet': False, 'no_print': False, 'config_dir': False, 'which': 'debug', 'indirect_selection': 'eager'}
[0m23:26:20.785232 [debug] [MainThread]: Tracking: tracking
[0m23:26:20.803470 [debug] [MainThread]: Sending event: {'category': 'dbt', 'action': 'invocation', 'label': 'start', 'context': [<snowplow_tracker.self_describing_json.SelfDescribingJson object at 0x107adb970>, <snowplow_tracker.self_describing_json.SelfDescribingJson object at 0x107adb430>, <snowplow_tracker.self_describing_json.SelfDescribingJson object at 0x107adb460>]}
[0m23:26:20.848992 [warn ] [MainThread]: [[33mWARNING[0m]: Deprecated functionality
The `source-paths` config has been renamed to `model-paths`. Please update your
`dbt_project.yml` configuration to reflect this change.
[0m23:26:20.849208 [debug] [MainThread]: Sending event: {'category': 'dbt', 'action': 'deprecation', 'label': '21232492-5f92-41e3-a849-871990c2493e', 'property_': 'warn', 'context': [<snowplow_tracker.self_describing_json.SelfDescribingJson object at 0x107dfb850>]}
[0m23:26:20.849361 [warn ] [MainThread]: [[33mWARNING[0m]: Deprecated functionality
The `data-paths` config has been renamed to `seed-paths`. Please update your
`dbt_project.yml` configuration to reflect this change.
[0m23:26:20.849471 [debug] [MainThread]: Sending event: {'category': 'dbt', 'action': 'deprecation', 'label': '21232492-5f92-41e3-a849-871990c2493e', 'property_': 'warn', 'context': [<snowplow_tracker.self_describing_json.SelfDescribingJson object at 0x107dfba60>]}
[0m23:26:20.856085 [debug] [MainThread]: Executing "git --help"
[0m23:26:20.873126 [debug] [MainThread]: STDOUT: "b"usage: git [--version] [--help] [-C <path>] [-c <name>=<value>]\n           [--exec-path[=<path>]] [--html-path] [--man-path] [--info-path]\n           [-p | --paginate | -P | --no-pager] [--no-replace-objects] [--bare]\n           [--git-dir=<path>] [--work-tree=<path>] [--namespace=<name>]\n           [--super-prefix=<path>] [--config-env=<name>=<envvar>]\n           <command> [<args>]\n\nThese are common Git commands used in various situations:\n\nstart a working area (see also: git help tutorial)\n   clone             Clone a repository into a new directory\n   init              Create an empty Git repository or reinitialize an existing one\n\nwork on the current change (see also: git help everyday)\n   add               Add file contents to the index\n   mv                Move or rename a file, a directory, or a symlink\n   restore           Restore working tree files\n   rm                Remove files from the working tree and from the index\n   sparse-checkout   Initialize and modify the sparse-checkout\n\nexamine the history and state (see also: git help revisions)\n   bisect            Use binary search to find the commit that introduced a bug\n   diff              Show changes between commits, commit and working tree, etc\n   grep              Print lines matching a pattern\n   log               Show commit logs\n   show              Show various types of objects\n   status            Show the working tree status\n\ngrow, mark and tweak your common history\n   branch            List, create, or delete branches\n   commit            Record changes to the repository\n   merge             Join two or more development histories together\n   rebase            Reapply commits on top of another base tip\n   reset             Reset current HEAD to the specified state\n   switch            Switch branches\n   tag               Create, list, delete or verify a tag object signed with GPG\n\ncollaborate (see also: git help workflows)\n   fetch             Download objects and refs from another repository\n   pull              Fetch from and integrate with another repository or a local branch\n   push              Update remote refs along with associated objects\n\n'git help -a' and 'git help -g' list available subcommands and some\nconcept guides. See 'git help <command>' or 'git help <concept>'\nto read about a specific subcommand or concept.\nSee 'git help git' for an overview of the system.\n""
[0m23:26:20.873510 [debug] [MainThread]: STDERR: "b''"
[0m23:26:20.876652 [debug] [MainThread]: Acquiring new postgres connection "debug"
[0m23:26:20.877124 [debug] [MainThread]: Using postgres connection "debug"
[0m23:26:20.877216 [debug] [MainThread]: On debug: select 1 as id
[0m23:26:20.877288 [debug] [MainThread]: Opening a new connection, currently in state init
[0m23:26:21.198139 [debug] [MainThread]: Postgres adapter: Got a retryable error when attempting to open a postgres connection.
1 attempts remaining. Retrying in 1 seconds.
Error:
connection to server at "os-dev-1.cn70ucbuuwc7.us-east-1.rds.amazonaws.com" (44.198.239.45), port 5432 failed: FATAL:  database "os-dev-1" does not exist

[0m23:26:22.461695 [debug] [MainThread]: Postgres adapter: Error running SQL: select 1 as id
[0m23:26:22.462806 [debug] [MainThread]: Postgres adapter: Rolling back transaction.
[0m23:26:22.463522 [debug] [MainThread]: On debug: No close available on handle
[0m23:26:22.465141 [debug] [MainThread]: Sending event: {'category': 'dbt', 'action': 'invocation', 'label': 'end', 'context': [<snowplow_tracker.self_describing_json.SelfDescribingJson object at 0x107ee8640>, <snowplow_tracker.self_describing_json.SelfDescribingJson object at 0x107ee8880>, <snowplow_tracker.self_describing_json.SelfDescribingJson object at 0x107ee8940>]}
[0m23:26:22.714081 [debug] [MainThread]: Connection 'debug' was properly closed.


============================== 2022-11-22 23:28:26.584906 | 3bb43ae5-e0b7-4fc1-a143-ff4d4b2c1610 ==============================
[0m23:28:26.584912 [info ] [MainThread]: Running with dbt=1.2.0
[0m23:28:26.585527 [debug] [MainThread]: running dbt with arguments {'write_json': True, 'use_colors': True, 'printer_width': 80, 'version_check': True, 'partial_parse': True, 'static_parser': True, 'profiles_dir': '/Users/benfossen/.dbt', 'send_anonymous_usage_stats': True, 'event_buffer_size': 100000, 'quiet': False, 'no_print': False, 'config_dir': False, 'which': 'debug', 'indirect_selection': 'eager'}
[0m23:28:26.585595 [debug] [MainThread]: Tracking: tracking
[0m23:28:26.599142 [debug] [MainThread]: Sending event: {'category': 'dbt', 'action': 'invocation', 'label': 'start', 'context': [<snowplow_tracker.self_describing_json.SelfDescribingJson object at 0x108393970>, <snowplow_tracker.self_describing_json.SelfDescribingJson object at 0x108393430>, <snowplow_tracker.self_describing_json.SelfDescribingJson object at 0x108393460>]}
[0m23:28:26.647508 [warn ] [MainThread]: [[33mWARNING[0m]: Deprecated functionality
The `source-paths` config has been renamed to `model-paths`. Please update your
`dbt_project.yml` configuration to reflect this change.
[0m23:28:26.647725 [debug] [MainThread]: Sending event: {'category': 'dbt', 'action': 'deprecation', 'label': '3bb43ae5-e0b7-4fc1-a143-ff4d4b2c1610', 'property_': 'warn', 'context': [<snowplow_tracker.self_describing_json.SelfDescribingJson object at 0x1086b4850>]}
[0m23:28:26.647879 [warn ] [MainThread]: [[33mWARNING[0m]: Deprecated functionality
The `data-paths` config has been renamed to `seed-paths`. Please update your
`dbt_project.yml` configuration to reflect this change.
[0m23:28:26.647989 [debug] [MainThread]: Sending event: {'category': 'dbt', 'action': 'deprecation', 'label': '3bb43ae5-e0b7-4fc1-a143-ff4d4b2c1610', 'property_': 'warn', 'context': [<snowplow_tracker.self_describing_json.SelfDescribingJson object at 0x1086b4a60>]}
[0m23:28:26.654475 [debug] [MainThread]: Executing "git --help"
[0m23:28:26.671102 [debug] [MainThread]: STDOUT: "b"usage: git [--version] [--help] [-C <path>] [-c <name>=<value>]\n           [--exec-path[=<path>]] [--html-path] [--man-path] [--info-path]\n           [-p | --paginate | -P | --no-pager] [--no-replace-objects] [--bare]\n           [--git-dir=<path>] [--work-tree=<path>] [--namespace=<name>]\n           [--super-prefix=<path>] [--config-env=<name>=<envvar>]\n           <command> [<args>]\n\nThese are common Git commands used in various situations:\n\nstart a working area (see also: git help tutorial)\n   clone             Clone a repository into a new directory\n   init              Create an empty Git repository or reinitialize an existing one\n\nwork on the current change (see also: git help everyday)\n   add               Add file contents to the index\n   mv                Move or rename a file, a directory, or a symlink\n   restore           Restore working tree files\n   rm                Remove files from the working tree and from the index\n   sparse-checkout   Initialize and modify the sparse-checkout\n\nexamine the history and state (see also: git help revisions)\n   bisect            Use binary search to find the commit that introduced a bug\n   diff              Show changes between commits, commit and working tree, etc\n   grep              Print lines matching a pattern\n   log               Show commit logs\n   show              Show various types of objects\n   status            Show the working tree status\n\ngrow, mark and tweak your common history\n   branch            List, create, or delete branches\n   commit            Record changes to the repository\n   merge             Join two or more development histories together\n   rebase            Reapply commits on top of another base tip\n   reset             Reset current HEAD to the specified state\n   switch            Switch branches\n   tag               Create, list, delete or verify a tag object signed with GPG\n\ncollaborate (see also: git help workflows)\n   fetch             Download objects and refs from another repository\n   pull              Fetch from and integrate with another repository or a local branch\n   push              Update remote refs along with associated objects\n\n'git help -a' and 'git help -g' list available subcommands and some\nconcept guides. See 'git help <command>' or 'git help <concept>'\nto read about a specific subcommand or concept.\nSee 'git help git' for an overview of the system.\n""
[0m23:28:26.671469 [debug] [MainThread]: STDERR: "b''"
[0m23:28:26.674518 [debug] [MainThread]: Acquiring new postgres connection "debug"
[0m23:28:26.675037 [debug] [MainThread]: Using postgres connection "debug"
[0m23:28:26.675125 [debug] [MainThread]: On debug: select 1 as id
[0m23:28:26.675211 [debug] [MainThread]: Opening a new connection, currently in state init
[0m23:28:27.051696 [debug] [MainThread]: Postgres adapter: Got a retryable error when attempting to open a postgres connection.
1 attempts remaining. Retrying in 1 seconds.
Error:
connection to server at "os-dev-1.cn70ucbuuwc7.us-east-1.rds.amazonaws.com" (44.198.239.45), port 5432 failed: FATAL:  database "os-dev-1" does not exist

[0m23:28:28.295424 [debug] [MainThread]: Postgres adapter: Error running SQL: select 1 as id
[0m23:28:28.296831 [debug] [MainThread]: Postgres adapter: Rolling back transaction.
[0m23:28:28.297259 [debug] [MainThread]: On debug: No close available on handle
[0m23:28:28.298353 [debug] [MainThread]: Sending event: {'category': 'dbt', 'action': 'invocation', 'label': 'end', 'context': [<snowplow_tracker.self_describing_json.SelfDescribingJson object at 0x10879f640>, <snowplow_tracker.self_describing_json.SelfDescribingJson object at 0x10879f880>, <snowplow_tracker.self_describing_json.SelfDescribingJson object at 0x10879f940>]}
[0m23:28:28.543262 [debug] [MainThread]: Connection 'debug' was properly closed.


============================== 2022-11-22 23:28:55.111251 | 7a12767d-e001-4e02-9375-324706841085 ==============================
[0m23:28:55.111257 [info ] [MainThread]: Running with dbt=1.2.0
[0m23:28:55.111608 [debug] [MainThread]: running dbt with arguments {'write_json': True, 'use_colors': True, 'printer_width': 80, 'version_check': True, 'partial_parse': True, 'static_parser': True, 'profiles_dir': '/Users/benfossen/.dbt', 'send_anonymous_usage_stats': True, 'event_buffer_size': 100000, 'quiet': False, 'no_print': False, 'config_dir': False, 'which': 'debug', 'indirect_selection': 'eager'}
[0m23:28:55.111681 [debug] [MainThread]: Tracking: tracking
[0m23:28:55.123597 [debug] [MainThread]: Sending event: {'category': 'dbt', 'action': 'invocation', 'label': 'start', 'context': [<snowplow_tracker.self_describing_json.SelfDescribingJson object at 0x103f33880>, <snowplow_tracker.self_describing_json.SelfDescribingJson object at 0x103f33490>, <snowplow_tracker.self_describing_json.SelfDescribingJson object at 0x103f334c0>]}
[0m23:28:55.168898 [warn ] [MainThread]: [[33mWARNING[0m]: Deprecated functionality
The `source-paths` config has been renamed to `model-paths`. Please update your
`dbt_project.yml` configuration to reflect this change.
[0m23:28:55.169116 [debug] [MainThread]: Sending event: {'category': 'dbt', 'action': 'deprecation', 'label': '7a12767d-e001-4e02-9375-324706841085', 'property_': 'warn', 'context': [<snowplow_tracker.self_describing_json.SelfDescribingJson object at 0x104254d00>]}
[0m23:28:55.169296 [warn ] [MainThread]: [[33mWARNING[0m]: Deprecated functionality
The `data-paths` config has been renamed to `seed-paths`. Please update your
`dbt_project.yml` configuration to reflect this change.
[0m23:28:55.169408 [debug] [MainThread]: Sending event: {'category': 'dbt', 'action': 'deprecation', 'label': '7a12767d-e001-4e02-9375-324706841085', 'property_': 'warn', 'context': [<snowplow_tracker.self_describing_json.SelfDescribingJson object at 0x1042542b0>]}
[0m23:28:55.176028 [debug] [MainThread]: Executing "git --help"
[0m23:28:55.185789 [debug] [MainThread]: STDOUT: "b"usage: git [--version] [--help] [-C <path>] [-c <name>=<value>]\n           [--exec-path[=<path>]] [--html-path] [--man-path] [--info-path]\n           [-p | --paginate | -P | --no-pager] [--no-replace-objects] [--bare]\n           [--git-dir=<path>] [--work-tree=<path>] [--namespace=<name>]\n           [--super-prefix=<path>] [--config-env=<name>=<envvar>]\n           <command> [<args>]\n\nThese are common Git commands used in various situations:\n\nstart a working area (see also: git help tutorial)\n   clone             Clone a repository into a new directory\n   init              Create an empty Git repository or reinitialize an existing one\n\nwork on the current change (see also: git help everyday)\n   add               Add file contents to the index\n   mv                Move or rename a file, a directory, or a symlink\n   restore           Restore working tree files\n   rm                Remove files from the working tree and from the index\n   sparse-checkout   Initialize and modify the sparse-checkout\n\nexamine the history and state (see also: git help revisions)\n   bisect            Use binary search to find the commit that introduced a bug\n   diff              Show changes between commits, commit and working tree, etc\n   grep              Print lines matching a pattern\n   log               Show commit logs\n   show              Show various types of objects\n   status            Show the working tree status\n\ngrow, mark and tweak your common history\n   branch            List, create, or delete branches\n   commit            Record changes to the repository\n   merge             Join two or more development histories together\n   rebase            Reapply commits on top of another base tip\n   reset             Reset current HEAD to the specified state\n   switch            Switch branches\n   tag               Create, list, delete or verify a tag object signed with GPG\n\ncollaborate (see also: git help workflows)\n   fetch             Download objects and refs from another repository\n   pull              Fetch from and integrate with another repository or a local branch\n   push              Update remote refs along with associated objects\n\n'git help -a' and 'git help -g' list available subcommands and some\nconcept guides. See 'git help <command>' or 'git help <concept>'\nto read about a specific subcommand or concept.\nSee 'git help git' for an overview of the system.\n""
[0m23:28:55.186128 [debug] [MainThread]: STDERR: "b''"
[0m23:28:55.189202 [debug] [MainThread]: Acquiring new postgres connection "debug"
[0m23:28:55.189629 [debug] [MainThread]: Using postgres connection "debug"
[0m23:28:55.189717 [debug] [MainThread]: On debug: select 1 as id
[0m23:28:55.189800 [debug] [MainThread]: Opening a new connection, currently in state init
[0m23:28:55.491323 [debug] [MainThread]: Postgres adapter: Got a retryable error when attempting to open a postgres connection.
1 attempts remaining. Retrying in 1 seconds.
Error:
connection to server at "os-dev-1.cn70ucbuuwc7.us-east-1.rds.amazonaws.com" (44.198.239.45), port 5432 failed: FATAL:  database "os-dev-1" does not exist

[0m23:28:56.736253 [debug] [MainThread]: Postgres adapter: Error running SQL: select 1 as id
[0m23:28:56.737363 [debug] [MainThread]: Postgres adapter: Rolling back transaction.
[0m23:28:56.738100 [debug] [MainThread]: On debug: No close available on handle
[0m23:28:56.739733 [debug] [MainThread]: Sending event: {'category': 'dbt', 'action': 'invocation', 'label': 'end', 'context': [<snowplow_tracker.self_describing_json.SelfDescribingJson object at 0x10433f670>, <snowplow_tracker.self_describing_json.SelfDescribingJson object at 0x10433f8b0>, <snowplow_tracker.self_describing_json.SelfDescribingJson object at 0x10433f970>]}
[0m23:28:56.960756 [debug] [MainThread]: Connection 'debug' was properly closed.


============================== 2022-11-22 23:30:32.293391 | 9e67987e-d45d-4dd9-82b4-88f4cfaeea50 ==============================
[0m23:30:32.293397 [info ] [MainThread]: Running with dbt=1.2.0
[0m23:30:32.294087 [debug] [MainThread]: running dbt with arguments {'write_json': True, 'use_colors': True, 'printer_width': 80, 'version_check': True, 'partial_parse': True, 'static_parser': True, 'profiles_dir': '/Users/benfossen/.dbt', 'send_anonymous_usage_stats': True, 'event_buffer_size': 100000, 'quiet': False, 'no_print': False, 'config_dir': False, 'which': 'debug', 'indirect_selection': 'eager'}
[0m23:30:32.294161 [debug] [MainThread]: Tracking: tracking
[0m23:30:32.310652 [debug] [MainThread]: Sending event: {'category': 'dbt', 'action': 'invocation', 'label': 'start', 'context': [<snowplow_tracker.self_describing_json.SelfDescribingJson object at 0x1046abb50>, <snowplow_tracker.self_describing_json.SelfDescribingJson object at 0x1046ab730>, <snowplow_tracker.self_describing_json.SelfDescribingJson object at 0x1046ab760>]}
[0m23:30:32.352462 [warn ] [MainThread]: [[33mWARNING[0m]: Deprecated functionality
The `source-paths` config has been renamed to `model-paths`. Please update your
`dbt_project.yml` configuration to reflect this change.
[0m23:30:32.352674 [debug] [MainThread]: Sending event: {'category': 'dbt', 'action': 'deprecation', 'label': '9e67987e-d45d-4dd9-82b4-88f4cfaeea50', 'property_': 'warn', 'context': [<snowplow_tracker.self_describing_json.SelfDescribingJson object at 0x1049a1490>]}
[0m23:30:32.352826 [warn ] [MainThread]: [[33mWARNING[0m]: Deprecated functionality
The `data-paths` config has been renamed to `seed-paths`. Please update your
`dbt_project.yml` configuration to reflect this change.
[0m23:30:32.352938 [debug] [MainThread]: Sending event: {'category': 'dbt', 'action': 'deprecation', 'label': '9e67987e-d45d-4dd9-82b4-88f4cfaeea50', 'property_': 'warn', 'context': [<snowplow_tracker.self_describing_json.SelfDescribingJson object at 0x1049a1fd0>]}
[0m23:30:32.359691 [debug] [MainThread]: Executing "git --help"
[0m23:30:32.380958 [debug] [MainThread]: STDOUT: "b"usage: git [--version] [--help] [-C <path>] [-c <name>=<value>]\n           [--exec-path[=<path>]] [--html-path] [--man-path] [--info-path]\n           [-p | --paginate | -P | --no-pager] [--no-replace-objects] [--bare]\n           [--git-dir=<path>] [--work-tree=<path>] [--namespace=<name>]\n           [--super-prefix=<path>] [--config-env=<name>=<envvar>]\n           <command> [<args>]\n\nThese are common Git commands used in various situations:\n\nstart a working area (see also: git help tutorial)\n   clone             Clone a repository into a new directory\n   init              Create an empty Git repository or reinitialize an existing one\n\nwork on the current change (see also: git help everyday)\n   add               Add file contents to the index\n   mv                Move or rename a file, a directory, or a symlink\n   restore           Restore working tree files\n   rm                Remove files from the working tree and from the index\n   sparse-checkout   Initialize and modify the sparse-checkout\n\nexamine the history and state (see also: git help revisions)\n   bisect            Use binary search to find the commit that introduced a bug\n   diff              Show changes between commits, commit and working tree, etc\n   grep              Print lines matching a pattern\n   log               Show commit logs\n   show              Show various types of objects\n   status            Show the working tree status\n\ngrow, mark and tweak your common history\n   branch            List, create, or delete branches\n   commit            Record changes to the repository\n   merge             Join two or more development histories together\n   rebase            Reapply commits on top of another base tip\n   reset             Reset current HEAD to the specified state\n   switch            Switch branches\n   tag               Create, list, delete or verify a tag object signed with GPG\n\ncollaborate (see also: git help workflows)\n   fetch             Download objects and refs from another repository\n   pull              Fetch from and integrate with another repository or a local branch\n   push              Update remote refs along with associated objects\n\n'git help -a' and 'git help -g' list available subcommands and some\nconcept guides. See 'git help <command>' or 'git help <concept>'\nto read about a specific subcommand or concept.\nSee 'git help git' for an overview of the system.\n""
[0m23:30:32.381364 [debug] [MainThread]: STDERR: "b''"
[0m23:30:32.381707 [debug] [MainThread]: Sending event: {'category': 'dbt', 'action': 'invocation', 'label': 'end', 'context': [<snowplow_tracker.self_describing_json.SelfDescribingJson object at 0x1049b4160>, <snowplow_tracker.self_describing_json.SelfDescribingJson object at 0x1049d4910>, <snowplow_tracker.self_describing_json.SelfDescribingJson object at 0x1049d4a30>]}


============================== 2022-11-22 23:30:51.848720 | 9d61c93e-274b-4f98-93b1-736e03e1ee9a ==============================
[0m23:30:51.848726 [info ] [MainThread]: Running with dbt=1.2.0
[0m23:30:51.849049 [debug] [MainThread]: running dbt with arguments {'write_json': True, 'use_colors': True, 'printer_width': 80, 'version_check': True, 'partial_parse': True, 'static_parser': True, 'profiles_dir': '/Users/benfossen/.dbt', 'send_anonymous_usage_stats': True, 'event_buffer_size': 100000, 'quiet': False, 'no_print': False, 'config_dir': False, 'which': 'debug', 'indirect_selection': 'eager'}
[0m23:30:51.849118 [debug] [MainThread]: Tracking: tracking
[0m23:30:51.857574 [debug] [MainThread]: Sending event: {'category': 'dbt', 'action': 'invocation', 'label': 'start', 'context': [<snowplow_tracker.self_describing_json.SelfDescribingJson object at 0x1087b7820>, <snowplow_tracker.self_describing_json.SelfDescribingJson object at 0x1087b7430>, <snowplow_tracker.self_describing_json.SelfDescribingJson object at 0x1087b7460>]}
[0m23:30:51.903117 [warn ] [MainThread]: [[33mWARNING[0m]: Deprecated functionality
The `source-paths` config has been renamed to `model-paths`. Please update your
`dbt_project.yml` configuration to reflect this change.
[0m23:30:51.903335 [debug] [MainThread]: Sending event: {'category': 'dbt', 'action': 'deprecation', 'label': '9d61c93e-274b-4f98-93b1-736e03e1ee9a', 'property_': 'warn', 'context': [<snowplow_tracker.self_describing_json.SelfDescribingJson object at 0x108ada850>]}
[0m23:30:51.903489 [warn ] [MainThread]: [[33mWARNING[0m]: Deprecated functionality
The `data-paths` config has been renamed to `seed-paths`. Please update your
`dbt_project.yml` configuration to reflect this change.
[0m23:30:51.903600 [debug] [MainThread]: Sending event: {'category': 'dbt', 'action': 'deprecation', 'label': '9d61c93e-274b-4f98-93b1-736e03e1ee9a', 'property_': 'warn', 'context': [<snowplow_tracker.self_describing_json.SelfDescribingJson object at 0x108adaa60>]}
[0m23:30:51.910222 [debug] [MainThread]: Executing "git --help"
[0m23:30:51.919744 [debug] [MainThread]: STDOUT: "b"usage: git [--version] [--help] [-C <path>] [-c <name>=<value>]\n           [--exec-path[=<path>]] [--html-path] [--man-path] [--info-path]\n           [-p | --paginate | -P | --no-pager] [--no-replace-objects] [--bare]\n           [--git-dir=<path>] [--work-tree=<path>] [--namespace=<name>]\n           [--super-prefix=<path>] [--config-env=<name>=<envvar>]\n           <command> [<args>]\n\nThese are common Git commands used in various situations:\n\nstart a working area (see also: git help tutorial)\n   clone             Clone a repository into a new directory\n   init              Create an empty Git repository or reinitialize an existing one\n\nwork on the current change (see also: git help everyday)\n   add               Add file contents to the index\n   mv                Move or rename a file, a directory, or a symlink\n   restore           Restore working tree files\n   rm                Remove files from the working tree and from the index\n   sparse-checkout   Initialize and modify the sparse-checkout\n\nexamine the history and state (see also: git help revisions)\n   bisect            Use binary search to find the commit that introduced a bug\n   diff              Show changes between commits, commit and working tree, etc\n   grep              Print lines matching a pattern\n   log               Show commit logs\n   show              Show various types of objects\n   status            Show the working tree status\n\ngrow, mark and tweak your common history\n   branch            List, create, or delete branches\n   commit            Record changes to the repository\n   merge             Join two or more development histories together\n   rebase            Reapply commits on top of another base tip\n   reset             Reset current HEAD to the specified state\n   switch            Switch branches\n   tag               Create, list, delete or verify a tag object signed with GPG\n\ncollaborate (see also: git help workflows)\n   fetch             Download objects and refs from another repository\n   pull              Fetch from and integrate with another repository or a local branch\n   push              Update remote refs along with associated objects\n\n'git help -a' and 'git help -g' list available subcommands and some\nconcept guides. See 'git help <command>' or 'git help <concept>'\nto read about a specific subcommand or concept.\nSee 'git help git' for an overview of the system.\n""
[0m23:30:51.920164 [debug] [MainThread]: STDERR: "b''"
[0m23:30:51.924181 [debug] [MainThread]: Acquiring new postgres connection "debug"
[0m23:30:51.924769 [debug] [MainThread]: Using postgres connection "debug"
[0m23:30:51.924860 [debug] [MainThread]: On debug: select 1 as id
[0m23:30:51.924934 [debug] [MainThread]: Opening a new connection, currently in state init
[0m23:30:52.300138 [debug] [MainThread]: SQL status: SELECT 1 in 0.38 seconds
[0m23:30:52.306481 [debug] [MainThread]: On debug: Close
[0m23:30:52.308103 [debug] [MainThread]: Sending event: {'category': 'dbt', 'action': 'invocation', 'label': 'end', 'context': [<snowplow_tracker.self_describing_json.SelfDescribingJson object at 0x108bc5220>, <snowplow_tracker.self_describing_json.SelfDescribingJson object at 0x108bc5940>, <snowplow_tracker.self_describing_json.SelfDescribingJson object at 0x108bc5e80>]}
[0m23:30:52.505468 [debug] [MainThread]: Connection 'debug' was properly closed.


============================== 2022-11-22 23:33:55.360738 | 85cd82c5-8542-49b7-ad3c-c0c9a57206fc ==============================
[0m23:33:55.360744 [info ] [MainThread]: Running with dbt=1.2.0
[0m23:33:55.361403 [debug] [MainThread]: running dbt with arguments {'write_json': True, 'use_colors': True, 'printer_width': 80, 'version_check': True, 'partial_parse': True, 'static_parser': True, 'profiles_dir': '/Users/benfossen/.dbt', 'send_anonymous_usage_stats': True, 'event_buffer_size': 100000, 'quiet': False, 'no_print': False, 'config_dir': False, 'which': 'debug', 'indirect_selection': 'eager'}
[0m23:33:55.361472 [debug] [MainThread]: Tracking: tracking
[0m23:33:55.375166 [debug] [MainThread]: Sending event: {'category': 'dbt', 'action': 'invocation', 'label': 'start', 'context': [<snowplow_tracker.self_describing_json.SelfDescribingJson object at 0x107abfaf0>, <snowplow_tracker.self_describing_json.SelfDescribingJson object at 0x107abf6d0>, <snowplow_tracker.self_describing_json.SelfDescribingJson object at 0x107abf700>]}
[0m23:33:55.419504 [warn ] [MainThread]: [[33mWARNING[0m]: Deprecated functionality
The `source-paths` config has been renamed to `model-paths`. Please update your
`dbt_project.yml` configuration to reflect this change.
[0m23:33:55.419726 [debug] [MainThread]: Sending event: {'category': 'dbt', 'action': 'deprecation', 'label': '85cd82c5-8542-49b7-ad3c-c0c9a57206fc', 'property_': 'warn', 'context': [<snowplow_tracker.self_describing_json.SelfDescribingJson object at 0x107dddc70>]}
[0m23:33:55.419903 [warn ] [MainThread]: [[33mWARNING[0m]: Deprecated functionality
The `data-paths` config has been renamed to `seed-paths`. Please update your
`dbt_project.yml` configuration to reflect this change.
[0m23:33:55.420016 [debug] [MainThread]: Sending event: {'category': 'dbt', 'action': 'deprecation', 'label': '85cd82c5-8542-49b7-ad3c-c0c9a57206fc', 'property_': 'warn', 'context': [<snowplow_tracker.self_describing_json.SelfDescribingJson object at 0x107dddb20>]}
[0m23:33:55.426794 [debug] [MainThread]: Executing "git --help"
[0m23:33:55.443899 [debug] [MainThread]: STDOUT: "b"usage: git [--version] [--help] [-C <path>] [-c <name>=<value>]\n           [--exec-path[=<path>]] [--html-path] [--man-path] [--info-path]\n           [-p | --paginate | -P | --no-pager] [--no-replace-objects] [--bare]\n           [--git-dir=<path>] [--work-tree=<path>] [--namespace=<name>]\n           [--super-prefix=<path>] [--config-env=<name>=<envvar>]\n           <command> [<args>]\n\nThese are common Git commands used in various situations:\n\nstart a working area (see also: git help tutorial)\n   clone             Clone a repository into a new directory\n   init              Create an empty Git repository or reinitialize an existing one\n\nwork on the current change (see also: git help everyday)\n   add               Add file contents to the index\n   mv                Move or rename a file, a directory, or a symlink\n   restore           Restore working tree files\n   rm                Remove files from the working tree and from the index\n   sparse-checkout   Initialize and modify the sparse-checkout\n\nexamine the history and state (see also: git help revisions)\n   bisect            Use binary search to find the commit that introduced a bug\n   diff              Show changes between commits, commit and working tree, etc\n   grep              Print lines matching a pattern\n   log               Show commit logs\n   show              Show various types of objects\n   status            Show the working tree status\n\ngrow, mark and tweak your common history\n   branch            List, create, or delete branches\n   commit            Record changes to the repository\n   merge             Join two or more development histories together\n   rebase            Reapply commits on top of another base tip\n   reset             Reset current HEAD to the specified state\n   switch            Switch branches\n   tag               Create, list, delete or verify a tag object signed with GPG\n\ncollaborate (see also: git help workflows)\n   fetch             Download objects and refs from another repository\n   pull              Fetch from and integrate with another repository or a local branch\n   push              Update remote refs along with associated objects\n\n'git help -a' and 'git help -g' list available subcommands and some\nconcept guides. See 'git help <command>' or 'git help <concept>'\nto read about a specific subcommand or concept.\nSee 'git help git' for an overview of the system.\n""
[0m23:33:55.444282 [debug] [MainThread]: STDERR: "b''"
[0m23:33:55.447563 [debug] [MainThread]: Acquiring new postgres connection "debug"
[0m23:33:55.448012 [debug] [MainThread]: Using postgres connection "debug"
[0m23:33:55.448099 [debug] [MainThread]: On debug: select 1 as id
[0m23:33:55.448168 [debug] [MainThread]: Opening a new connection, currently in state init
[0m23:33:55.839124 [debug] [MainThread]: SQL status: SELECT 1 in 0.39 seconds
[0m23:33:55.845220 [debug] [MainThread]: On debug: Close
[0m23:33:55.846655 [debug] [MainThread]: Sending event: {'category': 'dbt', 'action': 'invocation', 'label': 'end', 'context': [<snowplow_tracker.self_describing_json.SelfDescribingJson object at 0x107ec71c0>, <snowplow_tracker.self_describing_json.SelfDescribingJson object at 0x107ec78e0>, <snowplow_tracker.self_describing_json.SelfDescribingJson object at 0x107ec7e20>]}
[0m23:33:56.103574 [debug] [MainThread]: Connection 'debug' was properly closed.


============================== 2022-11-23 00:05:15.665176 | 1fefc1b1-f8d1-4f34-a794-535527f9917b ==============================
[0m00:05:15.665182 [info ] [MainThread]: Running with dbt=1.2.0
[0m00:05:15.665871 [debug] [MainThread]: running dbt with arguments {'write_json': True, 'use_colors': True, 'printer_width': 80, 'version_check': True, 'partial_parse': True, 'static_parser': True, 'profiles_dir': '/Users/benfossen/.dbt', 'send_anonymous_usage_stats': True, 'event_buffer_size': 100000, 'quiet': False, 'no_print': False, 'config_dir': False, 'which': 'debug', 'indirect_selection': 'eager'}
[0m00:05:15.665946 [debug] [MainThread]: Tracking: tracking
[0m00:05:15.679244 [debug] [MainThread]: Sending event: {'category': 'dbt', 'action': 'invocation', 'label': 'start', 'context': [<snowplow_tracker.self_describing_json.SelfDescribingJson object at 0x10517baf0>, <snowplow_tracker.self_describing_json.SelfDescribingJson object at 0x10517b6d0>, <snowplow_tracker.self_describing_json.SelfDescribingJson object at 0x10517b700>]}
[0m00:05:15.735737 [warn ] [MainThread]: [[33mWARNING[0m]: Deprecated functionality
The `source-paths` config has been renamed to `model-paths`. Please update your
`dbt_project.yml` configuration to reflect this change.
[0m00:05:15.735940 [debug] [MainThread]: Sending event: {'category': 'dbt', 'action': 'deprecation', 'label': '1fefc1b1-f8d1-4f34-a794-535527f9917b', 'property_': 'warn', 'context': [<snowplow_tracker.self_describing_json.SelfDescribingJson object at 0x105498c70>]}
[0m00:05:15.736094 [warn ] [MainThread]: [[33mWARNING[0m]: Deprecated functionality
The `data-paths` config has been renamed to `seed-paths`. Please update your
`dbt_project.yml` configuration to reflect this change.
[0m00:05:15.736204 [debug] [MainThread]: Sending event: {'category': 'dbt', 'action': 'deprecation', 'label': '1fefc1b1-f8d1-4f34-a794-535527f9917b', 'property_': 'warn', 'context': [<snowplow_tracker.self_describing_json.SelfDescribingJson object at 0x105498b20>]}
[0m00:05:15.742696 [debug] [MainThread]: Executing "git --help"
[0m00:05:15.766996 [debug] [MainThread]: STDOUT: "b"usage: git [--version] [--help] [-C <path>] [-c <name>=<value>]\n           [--exec-path[=<path>]] [--html-path] [--man-path] [--info-path]\n           [-p | --paginate | -P | --no-pager] [--no-replace-objects] [--bare]\n           [--git-dir=<path>] [--work-tree=<path>] [--namespace=<name>]\n           [--super-prefix=<path>] [--config-env=<name>=<envvar>]\n           <command> [<args>]\n\nThese are common Git commands used in various situations:\n\nstart a working area (see also: git help tutorial)\n   clone             Clone a repository into a new directory\n   init              Create an empty Git repository or reinitialize an existing one\n\nwork on the current change (see also: git help everyday)\n   add               Add file contents to the index\n   mv                Move or rename a file, a directory, or a symlink\n   restore           Restore working tree files\n   rm                Remove files from the working tree and from the index\n   sparse-checkout   Initialize and modify the sparse-checkout\n\nexamine the history and state (see also: git help revisions)\n   bisect            Use binary search to find the commit that introduced a bug\n   diff              Show changes between commits, commit and working tree, etc\n   grep              Print lines matching a pattern\n   log               Show commit logs\n   show              Show various types of objects\n   status            Show the working tree status\n\ngrow, mark and tweak your common history\n   branch            List, create, or delete branches\n   commit            Record changes to the repository\n   merge             Join two or more development histories together\n   rebase            Reapply commits on top of another base tip\n   reset             Reset current HEAD to the specified state\n   switch            Switch branches\n   tag               Create, list, delete or verify a tag object signed with GPG\n\ncollaborate (see also: git help workflows)\n   fetch             Download objects and refs from another repository\n   pull              Fetch from and integrate with another repository or a local branch\n   push              Update remote refs along with associated objects\n\n'git help -a' and 'git help -g' list available subcommands and some\nconcept guides. See 'git help <command>' or 'git help <concept>'\nto read about a specific subcommand or concept.\nSee 'git help git' for an overview of the system.\n""
[0m00:05:15.767524 [debug] [MainThread]: STDERR: "b''"
[0m00:05:15.771246 [debug] [MainThread]: Acquiring new postgres connection "debug"
[0m00:05:15.771834 [debug] [MainThread]: Using postgres connection "debug"
[0m00:05:15.771921 [debug] [MainThread]: On debug: select 1 as id
[0m00:05:15.772013 [debug] [MainThread]: Opening a new connection, currently in state init
[0m00:05:16.161172 [debug] [MainThread]: SQL status: SELECT 1 in 0.39 seconds
[0m00:05:16.166699 [debug] [MainThread]: On debug: Close
[0m00:05:16.168018 [debug] [MainThread]: Sending event: {'category': 'dbt', 'action': 'invocation', 'label': 'end', 'context': [<snowplow_tracker.self_describing_json.SelfDescribingJson object at 0x105583160>, <snowplow_tracker.self_describing_json.SelfDescribingJson object at 0x1055838e0>, <snowplow_tracker.self_describing_json.SelfDescribingJson object at 0x105583e20>]}
[0m00:05:16.459437 [debug] [MainThread]: Connection 'debug' was properly closed.
